  Direction.cpp
<<<<<<< HEAD
C:\Users\hitot\source\repos\Direction\Direction\Direction.cpp(303,44): warning C4244: '引数': 'double' から '_Tp' への変換です。データが失われる可能性があります。
          with
          [
              _Tp=int
          ]
C:\Users\hitot\source\repos\Direction\Direction\Direction.cpp(303,31): warning C4244: '引数': 'double' から '_Tp' への変換です。データが失われる可能性があります。
          with
          [
              _Tp=int
          ]
C:\Users\hitot\source\repos\Direction\Direction\Direction.cpp(305,40): warning C4244: '引数': 'double' から '_Tp' への変換です。データが失われる可能性があります。
          with
          [
              _Tp=int
          ]
C:\Users\hitot\source\repos\Direction\Direction\Direction.cpp(305,32): warning C4244: '引数': 'double' から '_Tp' への変換です。データが失われる可能性があります。
          with
          [
              _Tp=int
          ]
C:\Users\hitot\source\repos\Direction\Direction\Direction.cpp(305,67): warning C4244: '引数': 'double' から '_Tp' への変換です。データが失われる可能性があります。
          with
          [
              _Tp=int
          ]
C:\Users\hitot\source\repos\Direction\Direction\Direction.cpp(305,59): warning C4244: '引数': 'double' から '_Tp' への変換です。データが失われる可能性があります。
          with
          [
              _Tp=int
          ]
C:\Users\hitot\source\repos\Direction\Direction\Direction.cpp(306,76): warning C4244: '引数': 'double' から '_Tp' への変換です。データが失われる可能性があります。
          with
          [
              _Tp=int
          ]
C:\Users\hitot\source\repos\Direction\Direction\Direction.cpp(306,66): warning C4244: '引数': 'double' から '_Tp' への変換です。データが失われる可能性があります。
          with
          [
              _Tp=int
          ]
C:\Users\hitot\source\repos\Direction\Direction\Direction.cpp(307,93): warning C4244: '引数': 'double' から '_Tp' への変換です。データが失われる可能性があります。
          with
          [
              _Tp=int
          ]
C:\Users\hitot\source\repos\Direction\Direction\Direction.cpp(307,83): warning C4244: '引数': 'double' から '_Tp' への変換です。データが失われる可能性があります。
          with
          [
              _Tp=int
          ]
C:\Users\hitot\source\repos\Direction\Direction\Direction.cpp(309,74): warning C4244: '引数': 'double' から '_Tp' への変換です。データが失われる可能性があります。
          with
          [
              _Tp=int
          ]
C:\Users\hitot\source\repos\Direction\Direction\Direction.cpp(309,65): warning C4244: '引数': 'double' から '_Tp' への変換です。データが失われる可能性があります。
          with
          [
              _Tp=int
          ]
C:\Users\hitot\source\repos\Direction\Direction\Direction.cpp(310,94): warning C4244: '引数': 'double' から '_Tp' への変換です。データが失われる可能性があります。
          with
          [
              _Tp=int
          ]
C:\Users\hitot\source\repos\Direction\Direction\Direction.cpp(310,84): warning C4244: '引数': 'double' から '_Tp' への変換です。データが失われる可能性があります。
          with
          [
              _Tp=int
          ]
C:\Users\hitot\source\repos\Direction\Direction\Direction.cpp(323,55): warning C4244: '引数': 'double' から '_Tp' への変換です。データが失われる可能性があります。
          with
          [
              _Tp=int
          ]
C:\Users\hitot\source\repos\Direction\Direction\Direction.cpp(323,42): warning C4244: '引数': 'double' から '_Tp' への変換です。データが失われる可能性があります。
          with
          [
              _Tp=int
          ]
=======
>>>>>>> 64592e9fcdaa18563ea492f476e4569b0aae2eab
  Direction.vcxproj -> C:\Users\hitot\source\repos\Direction\Debug\Direction.exe
