  Direction.cpp
C:\Users\hitot\source\repos\Direction\Direction\Direction.cpp(239,14): warning C4244: '=': 'double' から 'int' への変換です。データが失われる可能性があります。
C:\Users\hitot\source\repos\Direction\Direction\Direction.cpp(342,14): warning C4244: '=': 'double' から 'int' への変換です。データが失われる可能性があります。
C:\Users\hitot\source\repos\Direction\Direction\Direction.cpp(642,45): warning C4244: '引数': 'double' から '_Tp' への変換です。データが失われる可能性があります。
          with
          [
              _Tp=int
          ]
C:\Users\hitot\source\repos\Direction\Direction\Direction.cpp(642,31): warning C4244: '引数': 'double' から '_Tp' への変換です。データが失われる可能性があります。
          with
          [
              _Tp=int
          ]
C:\Users\hitot\source\repos\Direction\Direction\Direction.cpp(644,40): warning C4244: '引数': 'double' から '_Tp' への変換です。データが失われる可能性があります。
          with
          [
              _Tp=int
          ]
C:\Users\hitot\source\repos\Direction\Direction\Direction.cpp(644,32): warning C4244: '引数': 'double' から '_Tp' への変換です。データが失われる可能性があります。
          with
          [
              _Tp=int
          ]
C:\Users\hitot\source\repos\Direction\Direction\Direction.cpp(644,67): warning C4244: '引数': 'double' から '_Tp' への変換です。データが失われる可能性があります。
          with
          [
              _Tp=int
          ]
C:\Users\hitot\source\repos\Direction\Direction\Direction.cpp(644,59): warning C4244: '引数': 'double' から '_Tp' への変換です。データが失われる可能性があります。
          with
          [
              _Tp=int
          ]
C:\Users\hitot\source\repos\Direction\Direction\Direction.cpp(678,28): warning C4244: '引数': 'double' から '_Tp' への変換です。データが失われる可能性があります。
          with
          [
              _Tp=int
          ]
C:\Users\hitot\source\repos\Direction\Direction\Direction.cpp(678,23): warning C4244: '引数': 'double' から '_Tp' への変換です。データが失われる可能性があります。
          with
          [
              _Tp=int
          ]
C:\Users\hitot\source\repos\Direction\Direction\Direction.cpp(679,35): warning C4244: '引数': 'double' から '_Tp' への変換です。データが失われる可能性があります。
          with
          [
              _Tp=int
          ]
C:\Users\hitot\source\repos\Direction\Direction\Direction.cpp(679,27): warning C4244: '引数': 'double' から '_Tp' への変換です。データが失われる可能性があります。
          with
          [
              _Tp=int
          ]
C:\Users\hitot\source\repos\Direction\Direction\Direction.cpp(680,39): warning C4244: '引数': 'double' から '_Tp' への変換です。データが失われる可能性があります。
          with
          [
              _Tp=int
          ]
C:\Users\hitot\source\repos\Direction\Direction\Direction.cpp(680,27): warning C4244: '引数': 'double' から '_Tp' への変換です。データが失われる可能性があります。
          with
          [
              _Tp=int
          ]
C:\Users\hitot\source\repos\Direction\Direction\Direction.cpp(681,32): warning C4244: '引数': 'double' から '_Tp' への変換です。データが失われる可能性があります。
          with
          [
              _Tp=int
          ]
C:\Users\hitot\source\repos\Direction\Direction\Direction.cpp(681,23): warning C4244: '引数': 'double' から '_Tp' への変換です。データが失われる可能性があります。
          with
          [
              _Tp=int
          ]
C:\Users\hitot\source\repos\Direction\Direction\Direction.cpp(694,31): warning C4244: '引数': 'double' から '_Tp' への変換です。データが失われる可能性があります。
          with
          [
              _Tp=int
          ]
C:\Users\hitot\source\repos\Direction\Direction\Direction.cpp(694,23): warning C4244: '引数': 'double' から '_Tp' への変換です。データが失われる可能性があります。
          with
          [
              _Tp=int
          ]
C:\Users\hitot\source\repos\Direction\Direction\Direction.cpp(695,31): warning C4244: '引数': 'double' から '_Tp' への変換です。データが失われる可能性があります。
          with
          [
              _Tp=int
          ]
C:\Users\hitot\source\repos\Direction\Direction\Direction.cpp(695,23): warning C4244: '引数': 'double' から '_Tp' への変換です。データが失われる可能性があります。
          with
          [
              _Tp=int
          ]
C:\Users\hitot\source\repos\Direction\Direction\Direction.cpp(696,28): warning C4244: '引数': 'double' から '_Tp' への変換です。データが失われる可能性があります。
          with
          [
              _Tp=int
          ]
C:\Users\hitot\source\repos\Direction\Direction\Direction.cpp(696,23): warning C4244: '引数': 'double' から '_Tp' への変換です。データが失われる可能性があります。
          with
          [
              _Tp=int
          ]
C:\Users\hitot\source\repos\Direction\Direction\Direction.cpp(697,28): warning C4244: '引数': 'double' から '_Tp' への変換です。データが失われる可能性があります。
          with
          [
              _Tp=int
          ]
C:\Users\hitot\source\repos\Direction\Direction\Direction.cpp(697,23): warning C4244: '引数': 'double' から '_Tp' への変換です。データが失われる可能性があります。
          with
          [
              _Tp=int
          ]
  Direction.vcxproj -> C:\Users\hitot\source\repos\Direction\x64\Debug\Direction.exe
